This file contains any messages produced by compilers while
running configure, to aid debugging if configure makes a mistake.

It was created by hamt_c configure 0.0.0, which was
generated by GNU Autoconf 2.69.  Invocation command line was

  $ ./configure 

## --------- ##
## Platform. ##
## --------- ##

hostname = paloalto
uname -m = x86_64
uname -r = 3.13.0-40-generic
uname -s = Linux
uname -v = #69-Ubuntu SMP Thu Nov 13 17:53:56 UTC 2014

/usr/bin/uname -p = unknown
/bin/uname -X     = unknown

/bin/arch              = unknown
/usr/bin/arch -k       = unknown
/usr/convex/getsysinfo = unknown
/usr/bin/hostinfo      = unknown
/bin/machine           = unknown
/usr/bin/oslevel       = unknown
/bin/universe          = unknown

PATH: /home/jdd/bin
PATH: /home/jdd/.opam/system/bin
PATH: /home/jdd/bin
PATH: /usr/local/src/ec2-api-tools-1.7.1.0/bin
PATH: /home/jdd/android-sdk-linux_x86/tools
PATH: /home/jdd/android-sdk-linux_x86/platform-tools
PATH: /home/jdd/dev/go/bin
PATH: /usr/local/src/go/bin
PATH: /lib/jvm/java-7-openjdk-amd64/bin
PATH: /usr/local/sbin
PATH: /usr/local/bin
PATH: /usr/sbin
PATH: /usr/bin
PATH: /sbin
PATH: /bin


## ----------- ##
## Core tests. ##
## ----------- ##

configure:2159: checking for a BSD-compatible install
configure:2227: result: /usr/bin/install -c
configure:2238: checking whether build environment is sane
configure:2293: result: yes
configure:2444: checking for a thread-safe mkdir -p
configure:2483: result: /bin/mkdir -p
configure:2490: checking for gawk
configure:2520: result: no
configure:2490: checking for mawk
configure:2506: found /usr/bin/mawk
configure:2517: result: mawk
configure:2528: checking whether make sets $(MAKE)
configure:2550: result: yes
configure:2579: checking whether make supports nested variables
configure:2596: result: yes
configure:2870: checking that generated files are newer than configure
configure:2876: result: done
configure:2884: creating ./config.status

## ---------------------- ##
## Running config.status. ##
## ---------------------- ##

This file was extended by hamt_c config.status 0.0.0, which was
generated by GNU Autoconf 2.69.  Invocation command line was

  CONFIG_FILES    = 
  CONFIG_HEADERS  = 
  CONFIG_LINKS    = 
  CONFIG_COMMANDS = 
  $ ./config.status 

on paloalto

config.status:797: creating Makefile
config.status:797: creating src/Makefile
config.status:797: creating doc/Makefile
config.status:797: creating examples/Makefile
config.status:797: creating man/Makefile
config.status:797: creating scripts/Makefile
config.status:797: creating tests/Makefile
configure:3939: checking build system type
configure:3953: result: x86_64-unknown-linux-gnu
configure:3973: checking host system type
configure:3986: result: x86_64-unknown-linux-gnu
configure:4027: checking how to print strings
configure:4054: result: printf
configure:4087: checking for style of include used by make
configure:4115: result: GNU
configure:4186: checking for gcc
configure:4202: found /usr/bin/gcc
configure:4213: result: gcc
configure:4442: checking for C compiler version
configure:4451: gcc --version >&5
gcc (Ubuntu 4.8.2-19ubuntu1) 4.8.2
Copyright (C) 2013 Free Software Foundation, Inc.
This is free software; see the source for copying conditions.  There is NO
warranty; not even for MERCHANTABILITY or FITNESS FOR A PARTICULAR PURPOSE.

configure:4462: $? = 0
configure:4451: gcc -v >&5
Using built-in specs.
COLLECT_GCC=gcc
COLLECT_LTO_WRAPPER=/usr/lib/gcc/x86_64-linux-gnu/4.8/lto-wrapper
Target: x86_64-linux-gnu
Configured with: ../src/configure -v --with-pkgversion='Ubuntu 4.8.2-19ubuntu1' --with-bugurl=file:///usr/share/doc/gcc-4.8/README.Bugs --enable-languages=c,c++,java,go,d,fortran,objc,obj-c++ --prefix=/usr --program-suffix=-4.8 --enable-shared --enable-linker-build-id --libexecdir=/usr/lib --without-included-gettext --enable-threads=posix --with-gxx-include-dir=/usr/include/c++/4.8 --libdir=/usr/lib --enable-nls --with-sysroot=/ --enable-clocale=gnu --enable-libstdcxx-debug --enable-libstdcxx-time=yes --enable-gnu-unique-object --disable-libmudflap --enable-plugin --with-system-zlib --disable-browser-plugin --enable-java-awt=gtk --enable-gtk-cairo --with-java-home=/usr/lib/jvm/java-1.5.0-gcj-4.8-amd64/jre --enable-java-home --with-jvm-root-dir=/usr/lib/jvm/java-1.5.0-gcj-4.8-amd64 --with-jvm-jar-dir=/usr/lib/jvm-exports/java-1.5.0-gcj-4.8-amd64 --with-arch-directory=amd64 --with-ecj-jar=/usr/share/java/eclipse-ecj.jar --enable-objc-gc --enable-multiarch --disable-werror --with-arch-32=i686 --with-abi=m64 --with-multilib-list=m32,m64,mx32 --with-tune=generic --enable-checking=release --build=x86_64-linux-gnu --host=x86_64-linux-gnu --target=x86_64-linux-gnu
Thread model: posix
gcc version 4.8.2 (Ubuntu 4.8.2-19ubuntu1) 
configure:4462: $? = 0
configure:4451: gcc -V >&5
gcc: error: unrecognized command line option '-V'
gcc: fatal error: no input files
compilation terminated.
configure:4462: $? = 4
configure:4451: gcc -qversion >&5
gcc: error: unrecognized command line option '-qversion'
gcc: fatal error: no input files
compilation terminated.
configure:4462: $? = 4
configure:4482: checking whether the C compiler works
configure:4504: gcc    conftest.c  >&5
configure:4508: $? = 0
configure:4556: result: yes
configure:4559: checking for C compiler default output file name
configure:4561: result: a.out
configure:4567: checking for suffix of executables
configure:4574: gcc -o conftest    conftest.c  >&5
configure:4578: $? = 0
configure:4600: result: 
configure:4622: checking whether we are cross compiling
configure:4630: gcc -o conftest    conftest.c  >&5
configure:4634: $? = 0
configure:4641: ./conftest
configure:4645: $? = 0
configure:4660: result: no
configure:4665: checking for suffix of object files
configure:4687: gcc -c   conftest.c >&5
configure:4691: $? = 0
configure:4712: result: o
configure:4716: checking whether we are using the GNU C compiler
configure:4735: gcc -c   conftest.c >&5
configure:4735: $? = 0
configure:4744: result: yes
configure:4753: checking whether gcc accepts -g
configure:4773: gcc -c -g  conftest.c >&5
configure:4773: $? = 0
configure:4814: result: yes
configure:4831: checking for gcc option to accept ISO C89
configure:4894: gcc  -c -g -O2  conftest.c >&5
configure:4894: $? = 0
configure:4907: result: none needed
configure:4932: checking whether gcc understands -c and -o together
configure:4954: gcc -c conftest.c -o conftest2.o
configure:4957: $? = 0
configure:4954: gcc -c conftest.c -o conftest2.o
configure:4957: $? = 0
configure:4969: result: yes
configure:4988: checking dependency style of gcc
configure:5099: result: gcc3
configure:5114: checking for a sed that does not truncate output
configure:5178: result: /bin/sed
configure:5196: checking for grep that handles long lines and -e
configure:5254: result: /bin/grep
configure:5259: checking for egrep
configure:5321: result: /bin/grep -E
configure:5326: checking for fgrep
configure:5388: result: /bin/grep -F
configure:5423: checking for ld used by gcc
configure:5490: result: /usr/bin/ld
configure:5497: checking if the linker (/usr/bin/ld) is GNU ld
configure:5512: result: yes
configure:5524: checking for BSD- or MS-compatible name lister (nm)
configure:5573: result: /usr/bin/nm -B
configure:5703: checking the name lister (/usr/bin/nm -B) interface
configure:5710: gcc -c -g -O2  conftest.c >&5
configure:5713: /usr/bin/nm -B "conftest.o"
configure:5716: output
0000000000000000 B some_variable
configure:5723: result: BSD nm
configure:5726: checking whether ln -s works
configure:5730: result: yes
configure:5738: checking the maximum length of command line arguments
configure:5869: result: 1572864
configure:5886: checking whether the shell understands some XSI constructs
configure:5896: result: yes
configure:5900: checking whether the shell understands "+="
configure:5906: result: yes
configure:5941: checking how to convert x86_64-unknown-linux-gnu file names to x86_64-unknown-linux-gnu format
configure:5981: result: func_convert_file_noop
configure:5988: checking how to convert x86_64-unknown-linux-gnu file names to toolchain format
configure:6008: result: func_convert_file_noop
configure:6015: checking for /usr/bin/ld option to reload object files
configure:6022: result: -r
configure:6096: checking for objdump
configure:6112: found /usr/bin/objdump
configure:6123: result: objdump
configure:6155: checking how to recognize dependent libraries
configure:6353: result: pass_all
configure:6438: checking for dlltool
configure:6468: result: no
configure:6498: checking how to associate runtime and link libraries
configure:6525: result: printf %s\n
configure:6586: checking for ar
configure:6602: found /usr/bin/ar
configure:6613: result: ar
configure:6650: checking for archiver @FILE support
configure:6667: gcc -c -g -O2  conftest.c >&5
configure:6667: $? = 0
configure:6670: ar cru libconftest.a @conftest.lst >&5
configure:6673: $? = 0
configure:6678: ar cru libconftest.a @conftest.lst >&5
ar: conftest.o: No such file or directory
configure:6681: $? = 1
configure:6693: result: @
configure:6751: checking for strip
configure:6767: found /usr/bin/strip
configure:6778: result: strip
configure:6850: checking for ranlib
configure:6866: found /usr/bin/ranlib
configure:6877: result: ranlib
configure:6979: checking command to parse /usr/bin/nm -B output from gcc object
configure:7099: gcc -c -g -O2  conftest.c >&5
configure:7102: $? = 0
configure:7106: /usr/bin/nm -B conftest.o \| sed -n -e 's/^.*[ ]\([ABCDGIRSTW][ABCDGIRSTW]*\)[ ][ ]*\([_A-Za-z][_A-Za-z0-9]*\)$/\1 \2 \2/p' | sed '/ __gnu_lto/d' \> conftest.nm
configure:7109: $? = 0
configure:7175: gcc -o conftest -g -O2   conftest.c conftstm.o >&5
configure:7178: $? = 0
configure:7216: result: ok
configure:7253: checking for sysroot
configure:7283: result: no
configure:7360: gcc -c -g -O2  conftest.c >&5
configure:7363: $? = 0
configure:7552: checking for mt
configure:7568: found /bin/mt
configure:7579: result: mt
configure:7602: checking if mt is a manifest tool
configure:7608: mt '-?'
configure:7616: result: no
configure:8258: checking how to run the C preprocessor
configure:8289: gcc -E  conftest.c
configure:8289: $? = 0
configure:8303: gcc -E  conftest.c
conftest.c:11:28: fatal error: ac_nonexistent.h: No such file or directory
 #include <ac_nonexistent.h>
                            ^
compilation terminated.
configure:8303: $? = 1
configure: failed program was:
| /* confdefs.h */
| #define PACKAGE_NAME "hamt_c"
| #define PACKAGE_TARNAME "hamt_c"
| #define PACKAGE_VERSION "0.0.0"
| #define PACKAGE_STRING "hamt_c 0.0.0"
| #define PACKAGE_BUGREPORT "hamt-dev at xlattice dot org"
| #define PACKAGE_URL ""
| #define PACKAGE "hamt_c"
| #define VERSION "0.0.0"
| /* end confdefs.h.  */
| #include <ac_nonexistent.h>
configure:8328: result: gcc -E
configure:8348: gcc -E  conftest.c
configure:8348: $? = 0
configure:8362: gcc -E  conftest.c
conftest.c:11:28: fatal error: ac_nonexistent.h: No such file or directory
 #include <ac_nonexistent.h>
                            ^
compilation terminated.
configure:8362: $? = 1
configure: failed program was:
| /* confdefs.h */
| #define PACKAGE_NAME "hamt_c"
| #define PACKAGE_TARNAME "hamt_c"
| #define PACKAGE_VERSION "0.0.0"
| #define PACKAGE_STRING "hamt_c 0.0.0"
| #define PACKAGE_BUGREPORT "hamt-dev at xlattice dot org"
| #define PACKAGE_URL ""
| #define PACKAGE "hamt_c"
| #define VERSION "0.0.0"
| /* end confdefs.h.  */
| #include <ac_nonexistent.h>
configure:8391: checking for ANSI C header files
configure:8411: gcc -c -g -O2  conftest.c >&5
configure:8411: $? = 0
configure:8484: gcc -o conftest -g -O2   conftest.c  >&5
configure:8484: $? = 0
configure:8484: ./conftest
configure:8484: $? = 0
configure:8495: result: yes
configure:8508: checking for sys/types.h
configure:8508: gcc -c -g -O2  conftest.c >&5
configure:8508: $? = 0
configure:8508: result: yes
configure:8508: checking for sys/stat.h
configure:8508: gcc -c -g -O2  conftest.c >&5
configure:8508: $? = 0
configure:8508: result: yes
configure:8508: checking for stdlib.h
configure:8508: gcc -c -g -O2  conftest.c >&5
configure:8508: $? = 0
configure:8508: result: yes
configure:8508: checking for string.h
configure:8508: gcc -c -g -O2  conftest.c >&5
configure:8508: $? = 0
configure:8508: result: yes
configure:8508: checking for memory.h
configure:8508: gcc -c -g -O2  conftest.c >&5
configure:8508: $? = 0
configure:8508: result: yes
configure:8508: checking for strings.h
configure:8508: gcc -c -g -O2  conftest.c >&5
configure:8508: $? = 0
configure:8508: result: yes
configure:8508: checking for inttypes.h
configure:8508: gcc -c -g -O2  conftest.c >&5
configure:8508: $? = 0
configure:8508: result: yes
configure:8508: checking for stdint.h
configure:8508: gcc -c -g -O2  conftest.c >&5
configure:8508: $? = 0
configure:8508: result: yes
configure:8508: checking for unistd.h
configure:8508: gcc -c -g -O2  conftest.c >&5
configure:8508: $? = 0
configure:8508: result: yes
configure:8522: checking for dlfcn.h
configure:8522: gcc -c -g -O2  conftest.c >&5
configure:8522: $? = 0
configure:8522: result: yes
configure:8728: checking for objdir
configure:8743: result: .libs
configure:9014: checking if gcc supports -fno-rtti -fno-exceptions
configure:9032: gcc -c -g -O2  -fno-rtti -fno-exceptions conftest.c >&5
cc1: warning: command line option '-fno-rtti' is valid for C++/ObjC++ but not for C [enabled by default]
configure:9036: $? = 0
configure:9049: result: no
configure:9376: checking for gcc option to produce PIC
configure:9383: result: -fPIC -DPIC
configure:9391: checking if gcc PIC flag -fPIC -DPIC works
configure:9409: gcc -c -g -O2  -fPIC -DPIC -DPIC conftest.c >&5
configure:9413: $? = 0
configure:9426: result: yes
configure:9455: checking if gcc static flag -static works
configure:9483: result: yes
configure:9498: checking if gcc supports -c -o file.o
configure:9519: gcc -c -g -O2  -o out/conftest2.o conftest.c >&5
configure:9523: $? = 0
configure:9545: result: yes
configure:9553: checking if gcc supports -c -o file.o
configure:9600: result: yes
configure:9633: checking whether the gcc linker (/usr/bin/ld -m elf_x86_64) supports shared libraries
configure:10790: result: yes
configure:10827: checking whether -lc should be explicitly linked in
configure:10835: gcc -c -g -O2  conftest.c >&5
configure:10838: $? = 0
configure:10853: gcc -shared  -fPIC -DPIC conftest.o  -v -Wl,-soname -Wl,conftest -o conftest 2\>\&1 \| /bin/grep  -lc  \>/dev/null 2\>\&1
configure:10856: $? = 0
configure:10870: result: no
configure:11030: checking dynamic linker characteristics
configure:11530: gcc -o conftest -g -O2   -Wl,-rpath -Wl,/foo conftest.c  >&5
configure:11530: $? = 0
configure:11764: result: GNU/Linux ld.so
configure:11871: checking how to hardcode library paths into programs
configure:11896: result: immediate
configure:12436: checking whether stripping libraries is possible
configure:12441: result: yes
configure:12476: checking if libtool supports shared libraries
configure:12478: result: yes
configure:12481: checking whether to build shared libraries
configure:12502: result: yes
configure:12505: checking whether to build static libraries
configure:12509: result: yes
configure:12704: checking that generated files are newer than configure
configure:12710: result: done
configure:12733: creating ./config.status

## ---------------------- ##
## Running config.status. ##
## ---------------------- ##

This file was extended by hamt_c config.status 0.0.0, which was
generated by GNU Autoconf 2.69.  Invocation command line was

  CONFIG_FILES    = 
  CONFIG_HEADERS  = 
  CONFIG_LINKS    = 
  CONFIG_COMMANDS = 
  $ ./config.status 

on paloalto

config.status:1009: creating Makefile
config.status:1009: creating src/Makefile
config.status:1009: creating doc/Makefile
config.status:1009: creating examples/Makefile
config.status:1009: creating man/Makefile
config.status:1009: creating scripts/Makefile
config.status:1009: creating tests/Makefile
config.status:1181: executing depfiles commands
config.status:1181: executing libtool commands

## ---------------- ##
## Cache variables. ##
## ---------------- ##

ac_cv_build=x86_64-unknown-linux-gnu
ac_cv_c_compiler_gnu=yes
ac_cv_env_CC_set=
ac_cv_env_CC_value=
ac_cv_env_CFLAGS_set=
ac_cv_env_CFLAGS_value=
ac_cv_env_CPPFLAGS_set=
ac_cv_env_CPPFLAGS_value=
ac_cv_env_CPP_set=
ac_cv_env_CPP_value=
ac_cv_env_LDFLAGS_set=
ac_cv_env_LDFLAGS_value=
ac_cv_env_LIBS_set=
ac_cv_env_LIBS_value=
ac_cv_env_build_alias_set=
ac_cv_env_build_alias_value=
ac_cv_env_host_alias_set=
ac_cv_env_host_alias_value=
ac_cv_env_target_alias_set=
ac_cv_env_target_alias_value=
ac_cv_header_dlfcn_h=yes
ac_cv_header_inttypes_h=yes
ac_cv_header_memory_h=yes
ac_cv_header_stdc=yes
ac_cv_header_stdint_h=yes
ac_cv_header_stdlib_h=yes
ac_cv_header_string_h=yes
ac_cv_header_strings_h=yes
ac_cv_header_sys_stat_h=yes
ac_cv_header_sys_types_h=yes
ac_cv_header_unistd_h=yes
ac_cv_host=x86_64-unknown-linux-gnu
ac_cv_objext=o
ac_cv_path_EGREP='/bin/grep -E'
ac_cv_path_FGREP='/bin/grep -F'
ac_cv_path_GREP=/bin/grep
ac_cv_path_SED=/bin/sed
ac_cv_path_install='/usr/bin/install -c'
ac_cv_path_mkdir=/bin/mkdir
ac_cv_prog_AWK=mawk
ac_cv_prog_CPP='gcc -E'
ac_cv_prog_ac_ct_AR=ar
ac_cv_prog_ac_ct_CC=gcc
ac_cv_prog_ac_ct_MANIFEST_TOOL=mt
ac_cv_prog_ac_ct_OBJDUMP=objdump
ac_cv_prog_ac_ct_RANLIB=ranlib
ac_cv_prog_ac_ct_STRIP=strip
ac_cv_prog_cc_c89=
ac_cv_prog_cc_g=yes
ac_cv_prog_make_make_set=yes
am_cv_CC_dependencies_compiler_type=gcc3
am_cv_make_support_nested_variables=yes
am_cv_prog_cc_c_o=yes
lt_cv_ar_at_file=@
lt_cv_archive_cmds_need_lc=no
lt_cv_deplibs_check_method=pass_all
lt_cv_file_magic_cmd='$MAGIC_CMD'
lt_cv_file_magic_test_file=
lt_cv_ld_reload_flag=-r
lt_cv_nm_interface='BSD nm'
lt_cv_objdir=.libs
lt_cv_path_LD=/usr/bin/ld
lt_cv_path_NM='/usr/bin/nm -B'
lt_cv_path_mainfest_tool=no
lt_cv_prog_compiler_c_o=yes
lt_cv_prog_compiler_pic='-fPIC -DPIC'
lt_cv_prog_compiler_pic_works=yes
lt_cv_prog_compiler_rtti_exceptions=no
lt_cv_prog_compiler_static_works=yes
lt_cv_prog_gnu_ld=yes
lt_cv_sharedlib_from_linklib_cmd='printf %s\n'
lt_cv_shlibpath_overrides_runpath=no
lt_cv_sys_global_symbol_pipe='sed -n -e '\''s/^.*[	 ]\([ABCDGIRSTW][ABCDGIRSTW]*\)[	 ][	 ]*\([_A-Za-z][_A-Za-z0-9]*\)$/\1 \2 \2/p'\'' | sed '\''/ __gnu_lto/d'\'''
lt_cv_sys_global_symbol_to_c_name_address='sed -n -e '\''s/^: \([^ ]*\)[ ]*$/  {\"\1\", (void *) 0},/p'\'' -e '\''s/^[ABCDGIRSTW]* \([^ ]*\) \([^ ]*\)$/  {"\2", (void *) \&\2},/p'\'''
lt_cv_sys_global_symbol_to_c_name_address_lib_prefix='sed -n -e '\''s/^: \([^ ]*\)[ ]*$/  {\"\1\", (void *) 0},/p'\'' -e '\''s/^[ABCDGIRSTW]* \([^ ]*\) \(lib[^ ]*\)$/  {"\2", (void *) \&\2},/p'\'' -e '\''s/^[ABCDGIRSTW]* \([^ ]*\) \([^ ]*\)$/  {"lib\2", (void *) \&\2},/p'\'''
lt_cv_sys_global_symbol_to_cdecl='sed -n -e '\''s/^T .* \(.*\)$/extern int \1();/p'\'' -e '\''s/^[ABCDGIRSTW]* .* \(.*\)$/extern char \1;/p'\'''
lt_cv_sys_max_cmd_len=1572864
lt_cv_to_host_file_cmd=func_convert_file_noop
lt_cv_to_tool_file_cmd=func_convert_file_noop

## ----------------- ##
## Output variables. ##
## ----------------- ##

ACLOCAL='${SHELL} /home/jdd/dev/c/hamt_c/missing aclocal-1.14'
AMDEPBACKSLASH='\'
AMDEP_FALSE='#'
AMDEP_TRUE=''
AMTAR='$${TAR-tar}'
AM_BACKSLASH='\'
AM_DEFAULT_V='$(AM_DEFAULT_VERBOSITY)'
AM_DEFAULT_VERBOSITY='1'
AM_V='$(V)'
AR='ar'
AUTOCONF='${SHELL} /home/jdd/dev/c/hamt_c/missing autoconf'
AUTOHEADER='${SHELL} /home/jdd/dev/c/hamt_c/missing autoheader'
AUTOMAKE='${SHELL} /home/jdd/dev/c/hamt_c/missing automake-1.14'
AWK='mawk'
CC='gcc'
CCDEPMODE='depmode=gcc3'
CFLAGS='-g -O2'
CPP='gcc -E'
CPPFLAGS=''
CYGPATH_W='echo'
DEFS='-DPACKAGE_NAME=\"hamt_c\" -DPACKAGE_TARNAME=\"hamt_c\" -DPACKAGE_VERSION=\"0.0.0\" -DPACKAGE_STRING=\"hamt_c\ 0.0.0\" -DPACKAGE_BUGREPORT=\"hamt-dev\ at\ xlattice\ dot\ org\" -DPACKAGE_URL=\"\" -DPACKAGE=\"hamt_c\" -DVERSION=\"0.0.0\" -DSTDC_HEADERS=1 -DHAVE_SYS_TYPES_H=1 -DHAVE_SYS_STAT_H=1 -DHAVE_STDLIB_H=1 -DHAVE_STRING_H=1 -DHAVE_MEMORY_H=1 -DHAVE_STRINGS_H=1 -DHAVE_INTTYPES_H=1 -DHAVE_STDINT_H=1 -DHAVE_UNISTD_H=1 -DHAVE_DLFCN_H=1 -DLT_OBJDIR=\".libs/\"'
DEPDIR='.deps'
DLLTOOL='false'
DSYMUTIL=''
DUMPBIN=''
ECHO_C=''
ECHO_N='-n'
ECHO_T=''
EGREP='/bin/grep -E'
EXEEXT=''
FGREP='/bin/grep -F'
GREP='/bin/grep'
INSTALL_DATA='${INSTALL} -m 644'
INSTALL_PROGRAM='${INSTALL}'
INSTALL_SCRIPT='${INSTALL}'
INSTALL_STRIP_PROGRAM='$(install_sh) -c -s'
LD='/usr/bin/ld -m elf_x86_64'
LDFLAGS=''
LIBOBJS=''
LIBS=''
LIBTOOL='$(SHELL) $(top_builddir)/libtool'
LIPO=''
LN_S='ln -s'
LTLIBOBJS=''
MAKEINFO='${SHELL} /home/jdd/dev/c/hamt_c/missing makeinfo'
MANIFEST_TOOL=':'
MKDIR_P='/bin/mkdir -p'
NM='/usr/bin/nm -B'
NMEDIT=''
OBJDUMP='objdump'
OBJEXT='o'
OTOOL64=''
OTOOL=''
PACKAGE='hamt_c'
PACKAGE_BUGREPORT='hamt-dev at xlattice dot org'
PACKAGE_NAME='hamt_c'
PACKAGE_STRING='hamt_c 0.0.0'
PACKAGE_TARNAME='hamt_c'
PACKAGE_URL=''
PACKAGE_VERSION='0.0.0'
PATH_SEPARATOR=':'
RANLIB='ranlib'
SED='/bin/sed'
SET_MAKE=''
SHELL='/bin/bash'
STRIP='strip'
VERSION='0.0.0'
ac_ct_AR='ar'
ac_ct_CC='gcc'
ac_ct_DUMPBIN=''
am__EXEEXT_FALSE=''
am__EXEEXT_TRUE='#'
am__fastdepCC_FALSE='#'
am__fastdepCC_TRUE=''
am__include='include'
am__isrc=''
am__leading_dot='.'
am__nodep='_no'
am__quote=''
am__tar='$${TAR-tar} chof - "$$tardir"'
am__untar='$${TAR-tar} xf -'
bindir='${exec_prefix}/bin'
build='x86_64-unknown-linux-gnu'
build_alias=''
build_cpu='x86_64'
build_os='linux-gnu'
build_vendor='unknown'
datadir='${datarootdir}'
datarootdir='${prefix}/share'
docdir='${datarootdir}/doc/${PACKAGE_TARNAME}'
dvidir='${docdir}'
exec_prefix='${prefix}'
host='x86_64-unknown-linux-gnu'
host_alias=''
host_cpu='x86_64'
host_os='linux-gnu'
host_vendor='unknown'
htmldir='${docdir}'
includedir='${prefix}/include'
infodir='${datarootdir}/info'
install_sh='${SHELL} /home/jdd/dev/c/hamt_c/install-sh'
libdir='${exec_prefix}/lib'
libexecdir='${exec_prefix}/libexec'
localedir='${datarootdir}/locale'
localstatedir='${prefix}/var'
mandir='${datarootdir}/man'
mkdir_p='$(MKDIR_P)'
oldincludedir='/usr/include'
pdfdir='${docdir}'
prefix='/usr/local'
program_transform_name='s,x,x,'
psdir='${docdir}'
sbindir='${exec_prefix}/sbin'
sharedstatedir='${prefix}/com'
sysconfdir='${prefix}/etc'
target_alias=''

## ----------- ##
## confdefs.h. ##
## ----------- ##

/* confdefs.h */
#define PACKAGE_NAME "hamt_c"
#define PACKAGE_TARNAME "hamt_c"
#define PACKAGE_VERSION "0.0.0"
#define PACKAGE_STRING "hamt_c 0.0.0"
#define PACKAGE_BUGREPORT "hamt-dev at xlattice dot org"
#define PACKAGE_URL ""
#define PACKAGE "hamt_c"
#define VERSION "0.0.0"
#define STDC_HEADERS 1
#define HAVE_SYS_TYPES_H 1
#define HAVE_SYS_STAT_H 1
#define HAVE_STDLIB_H 1
#define HAVE_STRING_H 1
#define HAVE_MEMORY_H 1
#define HAVE_STRINGS_H 1
#define HAVE_INTTYPES_H 1
#define HAVE_STDINT_H 1
#define HAVE_UNISTD_H 1
#define HAVE_DLFCN_H 1
#define LT_OBJDIR ".libs/"

configure: exit 0
